<?xml version="1.0" encoding="UTF-8"?>
<!-- Generated by org.testng.reporters.JUnitReportReporter -->
<testsuite hostname="Sewar" failures="0" tests="3" name="databasetesting.databasetesting.AppTest" time="0.951" errors="0" timestamp="2025-05-14T19:25:07 EET" skipped="1">
  <testcase classname="databasetesting.databasetesting.AppTest" name="updatedatabase" time="0.035"/>
  <system-out/>
  <testcase classname="databasetesting.databasetesting.AppTest" name="readdata" time="0.916"/>
  <system-out/>
  <testcase classname="databasetesting.databasetesting.AppTest" name="insetrintodatabase">
    <skipped/>
  </testcase> <!-- insetrintodatabase -->
  <system-out/>
</testsuite> <!-- databasetesting.databasetesting.AppTest -->
